Executing: /home/lar/tool/moses//bin/lmplz --text /media/lar/Transcend/student/lecture/mtrss/pbsmt-demo/pbsmt/data//train.my --order 5 --arpa /media/lar/Transcend/student/lecture/mtrss/pbsmt-demo/MTRSS/pbsmt/baseline/rk-my/lm/myrk.lm.1 --prune 0 0 1 --discount_fallback -T /media/lar/Transcend/student/lecture/mtrss/pbsmt-demo/MTRSS/pbsmt/baseline/rk-my/lm -S 20%
=== 1/5 Counting and sorting n-grams ===
Reading /media/lar/Transcend/student/lecture/mtrss/pbsmt-demo/pbsmt/data/train.my
----5---10---15---20---25---30---35---40---45---50---55---60---65---70---75---80---85---90---95--100
****************************************************************************************************
Unigram tokens 33847 types 6876
=== 2/5 Calculating and sorting adjusted counts ===
Chain sizes: 1:82512 2:161292352 3:302423168 4:483877024 5:705654080
Statistics:
1 6876 D1=0.75394 D2=1.07727 D3+=1.26226
2 20116 D1=0.883889 D2=1.16038 D3+=1.32227
3 2214/26150 D1=0.931358 D2=1.21976 D3+=1.2919
4 1265/26490 D1=0.9599 D2=1.39403 D3+=1.33504
5 603/22996 D1=0.95758 D2=1.68145 D3+=1.32859
Memory estimate for binary LM:
type     kB
probing 738 assuming -p 1.5
probing 903 assuming -r models -p 1.5
trie    417 without quantization
trie    287 assuming -q 8 -b 8 quantization 
trie    395 assuming -a 22 array pointer compression
trie    265 assuming -a 22 -q 8 -b 8 array pointer compression and quantization
=== 3/5 Calculating and sorting initial probabilities ===
Chain sizes: 1:82512 2:321856 3:44280 4:30360 5:16884
=== 4/5 Calculating and writing order-interpolated probabilities ===
Chain sizes: 1:82512 2:321856 3:44280 4:30360 5:16884
=== 5/5 Writing ARPA model ===
Name:lmplz	VmPeak:1969260 kB	VmRSS:6244 kB	RSSMax:310448 kB	user:0.121054	sys:0.116398	CPU:0.237452	real:0.732646
